[debug] [2023-04-07T16:14:52.698Z] ----------------------------------------------------------------------
[debug] [2023-04-07T16:14:52.700Z] Command:       /opt/homebrew/Cellar/node/19.6.0/bin/node /usr/local/bin/firebase deploy --only hosting:natsapp
[debug] [2023-04-07T16:14:52.700Z] CLI Version:   11.16.0
[debug] [2023-04-07T16:14:52.700Z] Platform:      darwin
[debug] [2023-04-07T16:14:52.700Z] Node Version:  v19.6.0
[debug] [2023-04-07T16:14:52.700Z] Time:          Fri Apr 07 2023 21:44:52 GMT+0530 (India Standard Time)
[debug] [2023-04-07T16:14:52.700Z] ----------------------------------------------------------------------
[debug] 
[debug] [2023-04-07T16:14:52.734Z] > command requires scopes: ["email","openid","https://www.googleapis.com/auth/cloudplatformprojects.readonly","https://www.googleapis.com/auth/firebase","https://www.googleapis.com/auth/cloud-platform"]
[debug] [2023-04-07T16:14:52.734Z] > authorizing via signed-in user (alans.sunny@gmail.com)
[debug] [2023-04-07T16:14:52.734Z] [iam] checking project natsapp-402b2 for permissions ["firebase.projects.get","firebasehosting.sites.update"]
[debug] [2023-04-07T16:14:52.735Z] >>> [apiv2][query] POST https://cloudresourcemanager.googleapis.com/v1/projects/natsapp-402b2:testIamPermissions [none]
[debug] [2023-04-07T16:14:52.735Z] >>> [apiv2][(partial)header] POST https://cloudresourcemanager.googleapis.com/v1/projects/natsapp-402b2:testIamPermissions x-goog-quota-user=projects/natsapp-402b2
[debug] [2023-04-07T16:14:52.736Z] >>> [apiv2][body] POST https://cloudresourcemanager.googleapis.com/v1/projects/natsapp-402b2:testIamPermissions {"permissions":["firebase.projects.get","firebasehosting.sites.update"]}
[debug] [2023-04-07T16:14:54.083Z] <<< [apiv2][status] POST https://cloudresourcemanager.googleapis.com/v1/projects/natsapp-402b2:testIamPermissions 200
[debug] [2023-04-07T16:14:54.083Z] <<< [apiv2][body] POST https://cloudresourcemanager.googleapis.com/v1/projects/natsapp-402b2:testIamPermissions {"permissions":["firebase.projects.get","firebasehosting.sites.update"]}
[debug] [2023-04-07T16:14:54.084Z] >>> [apiv2][query] GET https://firebase.googleapis.com/v1beta1/projects/natsapp-402b2 [none]
[debug] [2023-04-07T16:14:54.623Z] <<< [apiv2][status] GET https://firebase.googleapis.com/v1beta1/projects/natsapp-402b2 200
[debug] [2023-04-07T16:14:54.624Z] <<< [apiv2][body] GET https://firebase.googleapis.com/v1beta1/projects/natsapp-402b2 {"projectId":"natsapp-402b2","projectNumber":"381403487694","displayName":"Natsapp","name":"projects/natsapp-402b2","resources":{"hostingSite":"natsapp-402b2","realtimeDatabaseInstance":"natsapp-402b2","storageBucket":"natsapp-402b2.appspot.com","locationId":"asia-south1"},"state":"ACTIVE","etag":"1_9ba2b584-4ed4-484a-a5f2-c81759d5f987"}
[info] 
[info] === Deploying to 'natsapp-402b2'...
[info] 
[info] i  deploying hosting 
[debug] [2023-04-07T16:14:54.629Z] >>> [apiv2][query] POST https://firebasehosting.googleapis.com/v1beta1/projects/-/sites/natsapp/versions [none]
[debug] [2023-04-07T16:14:54.629Z] >>> [apiv2][body] POST https://firebasehosting.googleapis.com/v1beta1/projects/-/sites/natsapp/versions {"status":"CREATED","labels":{"deployment-tool":"cli-firebase"}}
[debug] [2023-04-07T16:14:56.065Z] <<< [apiv2][status] POST https://firebasehosting.googleapis.com/v1beta1/projects/-/sites/natsapp/versions 200
[debug] [2023-04-07T16:14:56.066Z] <<< [apiv2][body] POST https://firebasehosting.googleapis.com/v1beta1/projects/-/sites/natsapp/versions {"name":"projects/381403487694/sites/natsapp/versions/8632c0c231c1f85f","status":"CREATED","config":{},"labels":{"deployment-tool":"cli-firebase"}}
[info] i  hosting[natsapp]: beginning deploy... 
[info] i  hosting[natsapp]: found 22 files in build 
[debug] [2023-04-07T16:14:56.079Z] [hosting] uploading with 200 concurrency
[debug] [2023-04-07T16:14:56.153Z] [hosting] hash cache [YnVpbGQ] stored for 22 files
[debug] [2023-04-07T16:14:56.153Z] [hosting][hash queue][FINAL] {"max":65,"min":7,"avg":11.409090909090908,"active":0,"complete":22,"success":22,"errored":0,"retried":0,"total":22,"elapsed":70}
[debug] [2023-04-07T16:14:56.153Z] >>> [apiv2][query] POST https://firebasehosting.googleapis.com/v1beta1/projects/381403487694/sites/natsapp/versions/8632c0c231c1f85f:populateFiles [none]
[debug] [2023-04-07T16:14:56.153Z] >>> [apiv2][body] POST https://firebasehosting.googleapis.com/v1beta1/projects/381403487694/sites/natsapp/versions/8632c0c231c1f85f:populateFiles {"files":{"/asset-manifest.json":"07a30a1c16c8065a3433b9bb3cd850b65b8db5ab3e2a004fba872eac6e243fde","/index.html":"2ae486b39622ae6c120e28ad96184ebfd563ead79bafc038797b32985b0ab16e","/manifest.json":"087f488c0be73f033122c1f831b580adf7da108c597f75abeac03d784603a061","/404.html":"02e7280fd6a8d200dccf13b373f838d40c5aee5d2bfa2bb2d5f764b1e9a67615","/robots.txt":"391d14b3c2f8c9143a27a28c7399585142228d4d1bdbe2c87ac946de411fa9a2","/precache-manifest.66e415f6aa9dc948dc4e32ba62361cd8.js":"bb8f26ae7f64fc80e7451ff68eb9995482ca5bce8ac3fa25c7e4d43e8246e878","/logo192.png":"caff018b7f1e8fd481eb1c50d75b0ef236bcd5078b1d15c8bb348453fee30293","/logo512.png":"191fc21360b4ccfb1cda11a1efb97f489ed22672ca83f4064316802bbfdd750e","/service-worker.js":"a86213e026c18b84cac538ef33e1f67bb780334548e61ad497f564c0f0481384","/favicon.ico":"a08fa4488c3ecef62d9effd03b3a989929bdcbecf5e905941f9034a15bd3dba3","/static/js/2.72b87cec.chunk.js.LICENSE.txt":"6fc2349ec88ccf8b7d761c9d74966333ba7337050a9ecaf179dc886f84455920","/static/js/main.ee55803a.chunk.js.LICENSE.txt":"5bcf7ad56e14554ea655f13f3a79ddf6fb23a153bf6028e5bfea9a7a6cd9154d","/static/css/2.998cd177.chunk.css":"98614d183f813a810595fe3280c488a69d0a8a8ef068e57322a49d9cdaa31cf1","/static/js/runtime-main.d66a47d7.js":"5dd70898fd8827ba911ecb6c055a66d8dbe3daa7b3d652f647eb0ee05ce37588","/static/css/main.99fa10bb.chunk.css":"6f88b81482bb774beb3657d78a9f6848bf5152fe137077d209fa7e7bb8835871","/bg2.jpg":"beea9ebf5aa2dacd71baac199d42639fcf61ac22dde3546dd97a2394d1bf46a6","/wtrmark.png":"7cb6d40a26c2f20fe313d713e0be1b48e530f453476ec602fbe082b82da2e8d0","/dis.jpg":"bfa0555abc2d9a672954c87e3875d8d632d27bf6f8b86564f4f35d67f77b70f7","/wm.png":"788596b9d8b6ba97e1aaf89a0d80ec8c48a4c6e43ddb2f7c763af706002d0670","/static/media/dis.e62d61ce.jpg":"bfa0555abc2d9a672954c87e3875d8d632d27bf6f8b86564f4f35d67f77b70f7","/static/js/main.ee55803a.chunk.js":"24edfcb88e9b7c67f848e47a607c3883136af2f3d932fbac5de161110551948a","/static/js/2.72b87cec.chunk.js":"a63431751d1d5e156b5f8f1b3f86be7106b1583475f06990953848b8d5fa4394"}}
[debug] [2023-04-07T16:14:56.779Z] <<< [apiv2][status] POST https://firebasehosting.googleapis.com/v1beta1/projects/381403487694/sites/natsapp/versions/8632c0c231c1f85f:populateFiles 200
[debug] [2023-04-07T16:14:56.779Z] <<< [apiv2][body] POST https://firebasehosting.googleapis.com/v1beta1/projects/381403487694/sites/natsapp/versions/8632c0c231c1f85f:populateFiles {"uploadRequiredHashes":["a63431751d1d5e156b5f8f1b3f86be7106b1583475f06990953848b8d5fa4394","24edfcb88e9b7c67f848e47a607c3883136af2f3d932fbac5de161110551948a","07a30a1c16c8065a3433b9bb3cd850b65b8db5ab3e2a004fba872eac6e243fde","2ae486b39622ae6c120e28ad96184ebfd563ead79bafc038797b32985b0ab16e","6f88b81482bb774beb3657d78a9f6848bf5152fe137077d209fa7e7bb8835871","a86213e026c18b84cac538ef33e1f67bb780334548e61ad497f564c0f0481384","bb8f26ae7f64fc80e7451ff68eb9995482ca5bce8ac3fa25c7e4d43e8246e878"],"uploadUrl":"https://upload-firebasehosting.googleapis.com/upload/sites/natsapp/versions/8632c0c231c1f85f/files"}
[debug] [2023-04-07T16:14:56.781Z] >>> [apiv2][query] POST https://upload-firebasehosting.googleapis.com/upload/sites/natsapp/versions/8632c0c231c1f85f/files/a63431751d1d5e156b5f8f1b3f86be7106b1583475f06990953848b8d5fa4394 [none]
[debug] [2023-04-07T16:14:56.781Z] >>> [apiv2][body] POST https://upload-firebasehosting.googleapis.com/upload/sites/natsapp/versions/8632c0c231c1f85f/files/a63431751d1d5e156b5f8f1b3f86be7106b1583475f06990953848b8d5fa4394 [stream]
[debug] [2023-04-07T16:14:56.782Z] >>> [apiv2][query] POST https://upload-firebasehosting.googleapis.com/upload/sites/natsapp/versions/8632c0c231c1f85f/files/24edfcb88e9b7c67f848e47a607c3883136af2f3d932fbac5de161110551948a [none]
[debug] [2023-04-07T16:14:56.782Z] >>> [apiv2][body] POST https://upload-firebasehosting.googleapis.com/upload/sites/natsapp/versions/8632c0c231c1f85f/files/24edfcb88e9b7c67f848e47a607c3883136af2f3d932fbac5de161110551948a [stream]
[debug] [2023-04-07T16:14:56.783Z] >>> [apiv2][query] POST https://upload-firebasehosting.googleapis.com/upload/sites/natsapp/versions/8632c0c231c1f85f/files/07a30a1c16c8065a3433b9bb3cd850b65b8db5ab3e2a004fba872eac6e243fde [none]
[debug] [2023-04-07T16:14:56.783Z] >>> [apiv2][body] POST https://upload-firebasehosting.googleapis.com/upload/sites/natsapp/versions/8632c0c231c1f85f/files/07a30a1c16c8065a3433b9bb3cd850b65b8db5ab3e2a004fba872eac6e243fde [stream]
[debug] [2023-04-07T16:14:56.784Z] >>> [apiv2][query] POST https://upload-firebasehosting.googleapis.com/upload/sites/natsapp/versions/8632c0c231c1f85f/files/2ae486b39622ae6c120e28ad96184ebfd563ead79bafc038797b32985b0ab16e [none]
[debug] [2023-04-07T16:14:56.784Z] >>> [apiv2][body] POST https://upload-firebasehosting.googleapis.com/upload/sites/natsapp/versions/8632c0c231c1f85f/files/2ae486b39622ae6c120e28ad96184ebfd563ead79bafc038797b32985b0ab16e [stream]
[debug] [2023-04-07T16:14:56.785Z] >>> [apiv2][query] POST https://upload-firebasehosting.googleapis.com/upload/sites/natsapp/versions/8632c0c231c1f85f/files/6f88b81482bb774beb3657d78a9f6848bf5152fe137077d209fa7e7bb8835871 [none]
[debug] [2023-04-07T16:14:56.785Z] >>> [apiv2][body] POST https://upload-firebasehosting.googleapis.com/upload/sites/natsapp/versions/8632c0c231c1f85f/files/6f88b81482bb774beb3657d78a9f6848bf5152fe137077d209fa7e7bb8835871 [stream]
[debug] [2023-04-07T16:14:56.786Z] >>> [apiv2][query] POST https://upload-firebasehosting.googleapis.com/upload/sites/natsapp/versions/8632c0c231c1f85f/files/a86213e026c18b84cac538ef33e1f67bb780334548e61ad497f564c0f0481384 [none]
[debug] [2023-04-07T16:14:56.786Z] >>> [apiv2][body] POST https://upload-firebasehosting.googleapis.com/upload/sites/natsapp/versions/8632c0c231c1f85f/files/a86213e026c18b84cac538ef33e1f67bb780334548e61ad497f564c0f0481384 [stream]
[debug] [2023-04-07T16:14:56.787Z] >>> [apiv2][query] POST https://upload-firebasehosting.googleapis.com/upload/sites/natsapp/versions/8632c0c231c1f85f/files/bb8f26ae7f64fc80e7451ff68eb9995482ca5bce8ac3fa25c7e4d43e8246e878 [none]
[debug] [2023-04-07T16:14:56.787Z] >>> [apiv2][body] POST https://upload-firebasehosting.googleapis.com/upload/sites/natsapp/versions/8632c0c231c1f85f/files/bb8f26ae7f64fc80e7451ff68eb9995482ca5bce8ac3fa25c7e4d43e8246e878 [stream]
[debug] [2023-04-07T16:14:56.788Z] [hosting][populate queue][FINAL] {"max":629,"min":629,"avg":629,"active":0,"complete":1,"success":1,"errored":0,"retried":0,"total":1,"elapsed":636}
[debug] [2023-04-07T16:14:56.788Z] [hosting] uploads queued: 7
[debug] [2023-04-07T16:14:59.021Z] <<< [apiv2][status] POST https://upload-firebasehosting.googleapis.com/upload/sites/natsapp/versions/8632c0c231c1f85f/files/07a30a1c16c8065a3433b9bb3cd850b65b8db5ab3e2a004fba872eac6e243fde 200
[debug] [2023-04-07T16:14:59.021Z] <<< [apiv2][body] POST https://upload-firebasehosting.googleapis.com/upload/sites/natsapp/versions/8632c0c231c1f85f/files/07a30a1c16c8065a3433b9bb3cd850b65b8db5ab3e2a004fba872eac6e243fde [stream]
[debug] [2023-04-07T16:14:59.521Z] <<< [apiv2][status] POST https://upload-firebasehosting.googleapis.com/upload/sites/natsapp/versions/8632c0c231c1f85f/files/2ae486b39622ae6c120e28ad96184ebfd563ead79bafc038797b32985b0ab16e 200
[debug] [2023-04-07T16:14:59.522Z] <<< [apiv2][body] POST https://upload-firebasehosting.googleapis.com/upload/sites/natsapp/versions/8632c0c231c1f85f/files/2ae486b39622ae6c120e28ad96184ebfd563ead79bafc038797b32985b0ab16e [stream]
[debug] [2023-04-07T16:15:00.188Z] <<< [apiv2][status] POST https://upload-firebasehosting.googleapis.com/upload/sites/natsapp/versions/8632c0c231c1f85f/files/a63431751d1d5e156b5f8f1b3f86be7106b1583475f06990953848b8d5fa4394 200
[debug] [2023-04-07T16:15:00.188Z] <<< [apiv2][body] POST https://upload-firebasehosting.googleapis.com/upload/sites/natsapp/versions/8632c0c231c1f85f/files/a63431751d1d5e156b5f8f1b3f86be7106b1583475f06990953848b8d5fa4394 [stream]
[debug] [2023-04-07T16:15:00.237Z] <<< [apiv2][status] POST https://upload-firebasehosting.googleapis.com/upload/sites/natsapp/versions/8632c0c231c1f85f/files/6f88b81482bb774beb3657d78a9f6848bf5152fe137077d209fa7e7bb8835871 200
[debug] [2023-04-07T16:15:00.237Z] <<< [apiv2][body] POST https://upload-firebasehosting.googleapis.com/upload/sites/natsapp/versions/8632c0c231c1f85f/files/6f88b81482bb774beb3657d78a9f6848bf5152fe137077d209fa7e7bb8835871 [stream]
